0 info it worked if it ends with ok
1 verbose cli [ '/usr/local/bin/node',
1 verbose cli   '/usr/local/bin/npm',
1 verbose cli   'run',
1 verbose cli   'development' ]
2 info using npm@3.3.12
3 info using node@v5.2.0
4 verbose run-script [ 'predevelopment', 'development', 'postdevelopment' ]
5 info lifecycle universal-react@0.0.1~predevelopment: universal-react@0.0.1
6 silly lifecycle universal-react@0.0.1~predevelopment: no script for predevelopment, continuing
7 info lifecycle universal-react@0.0.1~development: universal-react@0.0.1
8 verbose lifecycle universal-react@0.0.1~development: unsafe-perm in lifecycle true
9 verbose lifecycle universal-react@0.0.1~development: PATH: /usr/local/lib/node_modules/npm/bin/node-gyp-bin:/Users/DrZoidberg/SEED-Dev/boilerplate/Universal-React/node_modules/.bin:/usr/local/heroku/bin:/Users/DrZoidberg/.rvm/gems/ruby-2.2.0/bin:/Users/DrZoidberg/.rvm/gems/ruby-2.2.0@global/bin:/Users/DrZoidberg/.rvm/rubies/ruby-2.2.0/bin:/Applications/Cocos/Cocos2d-x/cocos2d-x-3.10/templates:/Applications/Cocos/Cocos2d-x:/Applications/Cocos/Cocos2d-x/cocos2d-x-3.10/tools/cocos2d-console/bin:/usr/local/bin:/usr/local/sbin:/usr/bin:/bin:/usr/sbin:/sbin:/opt/X11/bin:/usr/local/git/bin:/usr/local/go/bin:/Users/DrZoidberg/.rvm/gems/ruby-2.2.0/bin:/Users/DrZoidberg/.rvm/gems/ruby-2.2.0@global/bin:/Users/DrZoidberg/.rvm/rubies/ruby-2.2.0/bin:/usr/local/bin:/usr/bin:/bin:/usr/sbin:/sbin:/usr/local/git/bin:/Users/DrZoidberg/.rvm/bin
10 verbose lifecycle universal-react@0.0.1~development: CWD: /Users/DrZoidberg/SEED-Dev/boilerplate/Universal-React
11 silly lifecycle universal-react@0.0.1~development: Args: [ '-c',
11 silly lifecycle   'cp src/views/index.html src/public/index.html && NODE_ENV=development webpack && webpack-dev-server --content-base src/public/ --hot --inline --devtool inline-source-map --history-api-fallback' ]
12 silly lifecycle universal-react@0.0.1~development: Returned: code: 1  signal: null
13 info lifecycle universal-react@0.0.1~development: Failed to exec development script
14 verbose stack Error: universal-react@0.0.1 development: `cp src/views/index.html src/public/index.html && NODE_ENV=development webpack && webpack-dev-server --content-base src/public/ --hot --inline --devtool inline-source-map --history-api-fallback`
14 verbose stack Exit status 1
14 verbose stack     at EventEmitter.<anonymous> (/usr/local/lib/node_modules/npm/lib/utils/lifecycle.js:232:16)
14 verbose stack     at emitTwo (events.js:88:13)
14 verbose stack     at EventEmitter.emit (events.js:173:7)
14 verbose stack     at ChildProcess.<anonymous> (/usr/local/lib/node_modules/npm/lib/utils/spawn.js:24:14)
14 verbose stack     at emitTwo (events.js:88:13)
14 verbose stack     at ChildProcess.emit (events.js:173:7)
14 verbose stack     at maybeClose (internal/child_process.js:819:16)
14 verbose stack     at Process.ChildProcess._handle.onexit (internal/child_process.js:212:5)
15 verbose pkgid universal-react@0.0.1
16 verbose cwd /Users/DrZoidberg/SEED-Dev/boilerplate/Universal-React
17 error Darwin 14.5.0
18 error argv "/usr/local/bin/node" "/usr/local/bin/npm" "run" "development"
19 error node v5.2.0
20 error npm  v3.3.12
21 error code ELIFECYCLE
22 error universal-react@0.0.1 development: `cp src/views/index.html src/public/index.html && NODE_ENV=development webpack && webpack-dev-server --content-base src/public/ --hot --inline --devtool inline-source-map --history-api-fallback`
22 error Exit status 1
23 error Failed at the universal-react@0.0.1 development script 'cp src/views/index.html src/public/index.html && NODE_ENV=development webpack && webpack-dev-server --content-base src/public/ --hot --inline --devtool inline-source-map --history-api-fallback'.
23 error Make sure you have the latest version of node.js and npm installed.
23 error If you do, this is most likely a problem with the universal-react package,
23 error not with npm itself.
23 error Tell the author that this fails on your system:
23 error     cp src/views/index.html src/public/index.html && NODE_ENV=development webpack && webpack-dev-server --content-base src/public/ --hot --inline --devtool inline-source-map --history-api-fallback
23 error You can get their info via:
23 error     npm owner ls universal-react
23 error There is likely additional logging output above.
24 verbose exit [ 1, true ]
